Mensaje I / 00:00:00:000 / Root(00) para top(01)
Mensaje I / 00:00:00:000 / top(01) para piston(02)
Mensaje I / 00:00:00:000 / top(01) para enginebody(03)
Mensaje I / 00:00:00:000 / top(01) para engineass(04)
Mensaje D / 00:00:00:000 / piston(02) / ... para top(01)
Mensaje D / 00:00:00:000 / enginebody(03) / ... para top(01)
Mensaje D / 00:00:00:000 / engineass(04) / ... para top(01)
Mensaje D / 00:00:00:000 / top(01) / ... para Root(00)
Mensaje X / 00:00:10:000 / Root(00) / in /      2.00000 para top(01)
Mensaje X / 00:00:10:000 / top(01) / in /      2.00000 para piston(02)
Mensaje X / 00:00:10:000 / top(01) / in /      2.00000 para enginebody(03)
Mensaje D / 00:00:10:000 / piston(02) / 00:00:02:000 para top(01)
Mensaje D / 00:00:10:000 / enginebody(03) / 00:00:03:000 para top(01)
Mensaje D / 00:00:10:000 / top(01) / 00:00:02:000 para Root(00)
Mensaje * / 00:00:12:000 / Root(00) para top(01)
Mensaje * / 00:00:12:000 / top(01) para piston(02)
Mensaje Y / 00:00:12:000 / piston(02) / out /      1.00000 para top(01)
Mensaje D / 00:00:12:000 / piston(02) / ... para top(01)
Mensaje X / 00:00:12:000 / top(01) / done /      1.00000 para piston(02)
Mensaje X / 00:00:12:000 / top(01) / in_piston /      1.00000 para engineass(04)
Mensaje D / 00:00:12:000 / piston(02) / 00:00:02:000 para top(01)
Mensaje D / 00:00:12:000 / engineass(04) / ... para top(01)
Mensaje D / 00:00:12:000 / top(01) / 00:00:01:000 para Root(00)
Mensaje * / 00:00:13:000 / Root(00) para top(01)
Mensaje * / 00:00:13:000 / top(01) para enginebody(03)
Mensaje Y / 00:00:13:000 / enginebody(03) / out /      1.00000 para top(01)
Mensaje D / 00:00:13:000 / enginebody(03) / ... para top(01)
Mensaje X / 00:00:13:000 / top(01) / done /      1.00000 para enginebody(03)
Mensaje X / 00:00:13:000 / top(01) / in_enginebody /      1.00000 para engineass(04)
Mensaje D / 00:00:13:000 / enginebody(03) / 00:00:03:000 para top(01)
Mensaje D / 00:00:13:000 / engineass(04) / 00:00:04:000 para top(01)
Mensaje D / 00:00:13:000 / top(01) / 00:00:01:000 para Root(00)
Mensaje X / 00:00:14:000 / Root(00) / in /      3.00000 para top(01)
Mensaje X / 00:00:14:000 / top(01) / in /      3.00000 para piston(02)
Mensaje X / 00:00:14:000 / top(01) / in /      3.00000 para enginebody(03)
Mensaje D / 00:00:14:000 / piston(02) / 00:00:00:000 para top(01)
Mensaje D / 00:00:14:000 / enginebody(03) / 00:00:02:000 para top(01)
Mensaje D / 00:00:14:000 / top(01) / 00:00:00:000 para Root(00)
Mensaje * / 00:00:14:000 / Root(00) para top(01)
Mensaje * / 00:00:14:000 / top(01) para piston(02)
Mensaje Y / 00:00:14:000 / piston(02) / out /      1.00000 para top(01)
Mensaje D / 00:00:14:000 / piston(02) / ... para top(01)
Mensaje X / 00:00:14:000 / top(01) / done /      1.00000 para piston(02)
Mensaje X / 00:00:14:000 / top(01) / in_piston /      1.00000 para engineass(04)
Mensaje D / 00:00:14:000 / piston(02) / 00:00:02:000 para top(01)
Mensaje D / 00:00:14:000 / engineass(04) / 00:00:03:000 para top(01)
Mensaje D / 00:00:14:000 / top(01) / 00:00:02:000 para Root(00)
Mensaje X / 00:00:15:000 / Root(00) / in /      4.00000 para top(01)
Mensaje X / 00:00:15:000 / top(01) / in /      4.00000 para piston(02)
Mensaje X / 00:00:15:000 / top(01) / in /      4.00000 para enginebody(03)
Mensaje D / 00:00:15:000 / piston(02) / 00:00:01:000 para top(01)
Mensaje D / 00:00:15:000 / enginebody(03) / 00:00:01:000 para top(01)
Mensaje D / 00:00:15:000 / top(01) / 00:00:01:000 para Root(00)
Mensaje * / 00:00:16:000 / Root(00) para top(01)
Mensaje * / 00:00:16:000 / top(01) para piston(02)
Mensaje Y / 00:00:16:000 / piston(02) / out /      1.00000 para top(01)
Mensaje D / 00:00:16:000 / piston(02) / ... para top(01)
Mensaje X / 00:00:16:000 / top(01) / done /      1.00000 para piston(02)
Mensaje X / 00:00:16:000 / top(01) / in_piston /      1.00000 para engineass(04)
Mensaje D / 00:00:16:000 / piston(02) / 00:00:02:000 para top(01)
Mensaje D / 00:00:16:000 / engineass(04) / 00:00:01:000 para top(01)
Mensaje D / 00:00:16:000 / top(01) / 00:00:00:000 para Root(00)
Mensaje * / 00:00:16:000 / Root(00) para top(01)
Mensaje * / 00:00:16:000 / top(01) para enginebody(03)
Mensaje Y / 00:00:16:000 / enginebody(03) / out /      1.00000 para top(01)
Mensaje D / 00:00:16:000 / enginebody(03) / ... para top(01)
Mensaje X / 00:00:16:000 / top(01) / done /      1.00000 para enginebody(03)
Mensaje X / 00:00:16:000 / top(01) / in_enginebody /      1.00000 para engineass(04)
Mensaje D / 00:00:16:000 / enginebody(03) / 00:00:03:000 para top(01)
Mensaje D / 00:00:16:000 / engineass(04) / 00:00:01:000 para top(01)
Mensaje D / 00:00:16:000 / top(01) / 00:00:01:000 para Root(00)
Mensaje * / 00:00:17:000 / Root(00) para top(01)
Mensaje * / 00:00:17:000 / top(01) para engineass(04)
Mensaje Y / 00:00:17:000 / engineass(04) / out /      1.00000 para top(01)
Mensaje D / 00:00:17:000 / engineass(04) / ... para top(01)
Mensaje Y / 00:00:17:000 / top(01) / out /      1.00000 para Root(00)
Mensaje X / 00:00:17:000 / top(01) / done /      1.00000 para engineass(04)
Mensaje D / 00:00:17:000 / engineass(04) / 00:00:04:000 para top(01)
Mensaje D / 00:00:17:000 / top(01) / 00:00:01:000 para Root(00)
Mensaje * / 00:00:18:000 / Root(00) para top(01)
Mensaje * / 00:00:18:000 / top(01) para piston(02)
Mensaje Y / 00:00:18:000 / piston(02) / out /      1.00000 para top(01)
Mensaje D / 00:00:18:000 / piston(02) / ... para top(01)
Mensaje X / 00:00:18:000 / top(01) / done /      1.00000 para piston(02)
Mensaje X / 00:00:18:000 / top(01) / in_piston /      1.00000 para engineass(04)
Mensaje D / 00:00:18:000 / piston(02) / 00:00:02:000 para top(01)
Mensaje D / 00:00:18:000 / engineass(04) / 00:00:03:000 para top(01)
Mensaje D / 00:00:18:000 / top(01) / 00:00:01:000 para Root(00)
Mensaje * / 00:00:19:000 / Root(00) para top(01)
Mensaje * / 00:00:19:000 / top(01) para enginebody(03)
Mensaje Y / 00:00:19:000 / enginebody(03) / out /      1.00000 para top(01)
Mensaje D / 00:00:19:000 / enginebody(03) / ... para top(01)
Mensaje X / 00:00:19:000 / top(01) / done /      1.00000 para enginebody(03)
Mensaje X / 00:00:19:000 / top(01) / in_enginebody /      1.00000 para engineass(04)
Mensaje D / 00:00:19:000 / enginebody(03) / 00:00:03:000 para top(01)
Mensaje D / 00:00:19:000 / engineass(04) / 00:00:02:000 para top(01)
Mensaje D / 00:00:19:000 / top(01) / 00:00:01:000 para Root(00)
Mensaje * / 00:00:20:000 / Root(00) para top(01)
Mensaje * / 00:00:20:000 / top(01) para piston(02)
Mensaje Y / 00:00:20:000 / piston(02) / out /      1.00000 para top(01)
Mensaje D / 00:00:20:000 / piston(02) / ... para top(01)
Mensaje X / 00:00:20:000 / top(01) / done /      1.00000 para piston(02)
Mensaje X / 00:00:20:000 / top(01) / in_piston /      1.00000 para engineass(04)
Mensaje D / 00:00:20:000 / piston(02) / 00:00:02:000 para top(01)
Mensaje D / 00:00:20:000 / engineass(04) / 00:00:01:000 para top(01)
Mensaje D / 00:00:20:000 / top(01) / 00:00:01:000 para Root(00)
Mensaje * / 00:00:21:000 / Root(00) para top(01)
Mensaje * / 00:00:21:000 / top(01) para engineass(04)
Mensaje Y / 00:00:21:000 / engineass(04) / out /      1.00000 para top(01)
Mensaje D / 00:00:21:000 / engineass(04) / ... para top(01)
Mensaje Y / 00:00:21:000 / top(01) / out /      1.00000 para Root(00)
Mensaje X / 00:00:21:000 / top(01) / done /      1.00000 para engineass(04)
Mensaje D / 00:00:21:000 / engineass(04) / 00:00:04:000 para top(01)
Mensaje D / 00:00:21:000 / top(01) / 00:00:01:000 para Root(00)
Mensaje * / 00:00:22:000 / Root(00) para top(01)
Mensaje * / 00:00:22:000 / top(01) para piston(02)
Mensaje Y / 00:00:22:000 / piston(02) / out /      1.00000 para top(01)
Mensaje D / 00:00:22:000 / piston(02) / ... para top(01)
Mensaje X / 00:00:22:000 / top(01) / done /      1.00000 para piston(02)
Mensaje X / 00:00:22:000 / top(01) / in_piston /      1.00000 para engineass(04)
Mensaje D / 00:00:22:000 / piston(02) / 00:00:02:000 para top(01)
Mensaje D / 00:00:22:000 / engineass(04) / 00:00:03:000 para top(01)
Mensaje D / 00:00:22:000 / top(01) / 00:00:00:000 para Root(00)
Mensaje * / 00:00:22:000 / Root(00) para top(01)
Mensaje * / 00:00:22:000 / top(01) para enginebody(03)
Mensaje Y / 00:00:22:000 / enginebody(03) / out /      1.00000 para top(01)
Mensaje D / 00:00:22:000 / enginebody(03) / ... para top(01)
Mensaje X / 00:00:22:000 / top(01) / done /      1.00000 para enginebody(03)
Mensaje X / 00:00:22:000 / top(01) / in_enginebody /      1.00000 para engineass(04)
Mensaje D / 00:00:22:000 / enginebody(03) / 00:00:03:000 para top(01)
Mensaje D / 00:00:22:000 / engineass(04) / 00:00:03:000 para top(01)
Mensaje D / 00:00:22:000 / top(01) / 00:00:02:000 para Root(00)
Mensaje * / 00:00:24:000 / Root(00) para top(01)
Mensaje * / 00:00:24:000 / top(01) para piston(02)
Mensaje Y / 00:00:24:000 / piston(02) / out /      1.00000 para top(01)
Mensaje D / 00:00:24:000 / piston(02) / ... para top(01)
Mensaje X / 00:00:24:000 / top(01) / done /      1.00000 para piston(02)
Mensaje X / 00:00:24:000 / top(01) / in_piston /      1.00000 para engineass(04)
Mensaje D / 00:00:24:000 / piston(02) / 00:00:02:000 para top(01)
Mensaje D / 00:00:24:000 / engineass(04) / 00:00:01:000 para top(01)
Mensaje D / 00:00:24:000 / top(01) / 00:00:01:000 para Root(00)
Mensaje X / 00:00:25:000 / Root(00) / in /      5.00000 para top(01)
Mensaje X / 00:00:25:000 / top(01) / in /      5.00000 para piston(02)
Mensaje X / 00:00:25:000 / top(01) / in /      5.00000 para enginebody(03)
Mensaje D / 00:00:25:000 / piston(02) / 00:00:01:000 para top(01)
Mensaje D / 00:00:25:000 / enginebody(03) / 00:00:00:000 para top(01)
Mensaje D / 00:00:25:000 / top(01) / 00:00:00:000 para Root(00)
Mensaje * / 00:00:25:000 / Root(00) para top(01)
Mensaje * / 00:00:25:000 / top(01) para enginebody(03)
Mensaje Y / 00:00:25:000 / enginebody(03) / out /      1.00000 para top(01)
Mensaje D / 00:00:25:000 / enginebody(03) / ... para top(01)
Mensaje X / 00:00:25:000 / top(01) / done /      1.00000 para enginebody(03)
Mensaje X / 00:00:25:000 / top(01) / in_enginebody /      1.00000 para engineass(04)
Mensaje D / 00:00:25:000 / enginebody(03) / 00:00:03:000 para top(01)
Mensaje D / 00:00:25:000 / engineass(04) / 00:00:00:000 para top(01)
Mensaje D / 00:00:25:000 / top(01) / 00:00:00:000 para Root(00)
Mensaje * / 00:00:25:000 / Root(00) para top(01)
Mensaje * / 00:00:25:000 / top(01) para engineass(04)
Mensaje Y / 00:00:25:000 / engineass(04) / out /      1.00000 para top(01)
Mensaje D / 00:00:25:000 / engineass(04) / ... para top(01)
Mensaje Y / 00:00:25:000 / top(01) / out /      1.00000 para Root(00)
Mensaje X / 00:00:25:000 / top(01) / done /      1.00000 para engineass(04)
Mensaje D / 00:00:25:000 / engineass(04) / 00:00:04:000 para top(01)
Mensaje D / 00:00:25:000 / top(01) / 00:00:01:000 para Root(00)
Mensaje * / 00:00:26:000 / Root(00) para top(01)
Mensaje * / 00:00:26:000 / top(01) para piston(02)
Mensaje Y / 00:00:26:000 / piston(02) / out /      1.00000 para top(01)
Mensaje D / 00:00:26:000 / piston(02) / ... para top(01)
Mensaje X / 00:00:26:000 / top(01) / done /      1.00000 para piston(02)
Mensaje X / 00:00:26:000 / top(01) / in_piston /      1.00000 para engineass(04)
Mensaje D / 00:00:26:000 / piston(02) / 00:00:02:000 para top(01)
Mensaje D / 00:00:26:000 / engineass(04) / 00:00:03:000 para top(01)
Mensaje D / 00:00:26:000 / top(01) / 00:00:02:000 para Root(00)
Mensaje * / 00:00:28:000 / Root(00) para top(01)
Mensaje * / 00:00:28:000 / top(01) para piston(02)
Mensaje Y / 00:00:28:000 / piston(02) / out /      1.00000 para top(01)
Mensaje D / 00:00:28:000 / piston(02) / ... para top(01)
Mensaje X / 00:00:28:000 / top(01) / done /      1.00000 para piston(02)
Mensaje X / 00:00:28:000 / top(01) / in_piston /      1.00000 para engineass(04)
Mensaje D / 00:00:28:000 / piston(02) / 00:00:02:000 para top(01)
Mensaje D / 00:00:28:000 / engineass(04) / 00:00:01:000 para top(01)
Mensaje D / 00:00:28:000 / top(01) / 00:00:00:000 para Root(00)
Mensaje * / 00:00:28:000 / Root(00) para top(01)
Mensaje * / 00:00:28:000 / top(01) para enginebody(03)
Mensaje Y / 00:00:28:000 / enginebody(03) / out /      1.00000 para top(01)
Mensaje D / 00:00:28:000 / enginebody(03) / ... para top(01)
Mensaje X / 00:00:28:000 / top(01) / done /      1.00000 para enginebody(03)
Mensaje X / 00:00:28:000 / top(01) / in_enginebody /      1.00000 para engineass(04)
Mensaje D / 00:00:28:000 / enginebody(03) / 00:00:03:000 para top(01)
Mensaje D / 00:00:28:000 / engineass(04) / 00:00:01:000 para top(01)
Mensaje D / 00:00:28:000 / top(01) / 00:00:01:000 para Root(00)
Mensaje * / 00:00:29:000 / Root(00) para top(01)
Mensaje * / 00:00:29:000 / top(01) para engineass(04)
Mensaje Y / 00:00:29:000 / engineass(04) / out /      1.00000 para top(01)
Mensaje D / 00:00:29:000 / engineass(04) / ... para top(01)
Mensaje Y / 00:00:29:000 / top(01) / out /      1.00000 para Root(00)
Mensaje X / 00:00:29:000 / top(01) / done /      1.00000 para engineass(04)
Mensaje D / 00:00:29:000 / engineass(04) / 00:00:04:000 para top(01)
Mensaje D / 00:00:29:000 / top(01) / 00:00:01:000 para Root(00)
Mensaje * / 00:00:30:000 / Root(00) para top(01)
Mensaje * / 00:00:30:000 / top(01) para piston(02)
Mensaje Y / 00:00:30:000 / piston(02) / out /      1.00000 para top(01)
Mensaje D / 00:00:30:000 / piston(02) / ... para top(01)
Mensaje X / 00:00:30:000 / top(01) / done /      1.00000 para piston(02)
Mensaje X / 00:00:30:000 / top(01) / in_piston /      1.00000 para engineass(04)
Mensaje D / 00:00:30:000 / piston(02) / 00:00:02:000 para top(01)
Mensaje D / 00:00:30:000 / engineass(04) / 00:00:03:000 para top(01)
Mensaje D / 00:00:30:000 / top(01) / 00:00:01:000 para Root(00)
Mensaje * / 00:00:31:000 / Root(00) para top(01)
Mensaje * / 00:00:31:000 / top(01) para enginebody(03)
Mensaje Y / 00:00:31:000 / enginebody(03) / out /      1.00000 para top(01)
Mensaje D / 00:00:31:000 / enginebody(03) / ... para top(01)
Mensaje X / 00:00:31:000 / top(01) / done /      1.00000 para enginebody(03)
Mensaje X / 00:00:31:000 / top(01) / in_enginebody /      1.00000 para engineass(04)
Mensaje D / 00:00:31:000 / enginebody(03) / 00:00:03:000 para top(01)
Mensaje D / 00:00:31:000 / engineass(04) / 00:00:02:000 para top(01)
Mensaje D / 00:00:31:000 / top(01) / 00:00:01:000 para Root(00)
Mensaje * / 00:00:32:000 / Root(00) para top(01)
Mensaje * / 00:00:32:000 / top(01) para piston(02)
Mensaje Y / 00:00:32:000 / piston(02) / out /      1.00000 para top(01)
Mensaje D / 00:00:32:000 / piston(02) / ... para top(01)
Mensaje X / 00:00:32:000 / top(01) / done /      1.00000 para piston(02)
Mensaje X / 00:00:32:000 / top(01) / in_piston /      1.00000 para engineass(04)
Mensaje D / 00:00:32:000 / piston(02) / 00:00:02:000 para top(01)
Mensaje D / 00:00:32:000 / engineass(04) / 00:00:01:000 para top(01)
Mensaje D / 00:00:32:000 / top(01) / 00:00:01:000 para Root(00)
Mensaje * / 00:00:33:000 / Root(00) para top(01)
Mensaje * / 00:00:33:000 / top(01) para engineass(04)
Mensaje Y / 00:00:33:000 / engineass(04) / out /      1.00000 para top(01)
Mensaje D / 00:00:33:000 / engineass(04) / ... para top(01)
Mensaje Y / 00:00:33:000 / top(01) / out /      1.00000 para Root(00)
Mensaje X / 00:00:33:000 / top(01) / done /      1.00000 para engineass(04)
Mensaje D / 00:00:33:000 / engineass(04) / 00:00:04:000 para top(01)
Mensaje D / 00:00:33:000 / top(01) / 00:00:01:000 para Root(00)
Mensaje * / 00:00:34:000 / Root(00) para top(01)
Mensaje * / 00:00:34:000 / top(01) para piston(02)
Mensaje Y / 00:00:34:000 / piston(02) / out /      1.00000 para top(01)
Mensaje D / 00:00:34:000 / piston(02) / ... para top(01)
Mensaje X / 00:00:34:000 / top(01) / done /      1.00000 para piston(02)
Mensaje X / 00:00:34:000 / top(01) / in_piston /      1.00000 para engineass(04)
Mensaje D / 00:00:34:000 / piston(02) / 00:00:02:000 para top(01)
Mensaje D / 00:00:34:000 / engineass(04) / 00:00:03:000 para top(01)
Mensaje D / 00:00:34:000 / top(01) / 00:00:00:000 para Root(00)
Mensaje * / 00:00:34:000 / Root(00) para top(01)
Mensaje * / 00:00:34:000 / top(01) para enginebody(03)
Mensaje Y / 00:00:34:000 / enginebody(03) / out /      1.00000 para top(01)
Mensaje D / 00:00:34:000 / enginebody(03) / ... para top(01)
Mensaje X / 00:00:34:000 / top(01) / done /      1.00000 para enginebody(03)
Mensaje X / 00:00:34:000 / top(01) / in_enginebody /      1.00000 para engineass(04)
Mensaje D / 00:00:34:000 / enginebody(03) / 00:00:03:000 para top(01)
Mensaje D / 00:00:34:000 / engineass(04) / 00:00:03:000 para top(01)
Mensaje D / 00:00:34:000 / top(01) / 00:00:02:000 para Root(00)
Mensaje * / 00:00:36:000 / Root(00) para top(01)
Mensaje * / 00:00:36:000 / top(01) para piston(02)
Mensaje Y / 00:00:36:000 / piston(02) / out /      1.00000 para top(01)
Mensaje D / 00:00:36:000 / piston(02) / ... para top(01)
Mensaje X / 00:00:36:000 / top(01) / done /      1.00000 para piston(02)
Mensaje X / 00:00:36:000 / top(01) / in_piston /      1.00000 para engineass(04)
Mensaje D / 00:00:36:000 / piston(02) / 00:00:02:000 para top(01)
Mensaje D / 00:00:36:000 / engineass(04) / 00:00:01:000 para top(01)
Mensaje D / 00:00:36:000 / top(01) / 00:00:01:000 para Root(00)
Mensaje * / 00:00:37:000 / Root(00) para top(01)
Mensaje * / 00:00:37:000 / top(01) para enginebody(03)
Mensaje Y / 00:00:37:000 / enginebody(03) / out /      1.00000 para top(01)
Mensaje D / 00:00:37:000 / enginebody(03) / ... para top(01)
Mensaje X / 00:00:37:000 / top(01) / done /      1.00000 para enginebody(03)
Mensaje X / 00:00:37:000 / top(01) / in_enginebody /      1.00000 para engineass(04)
Mensaje D / 00:00:37:000 / enginebody(03) / 00:00:03:000 para top(01)
Mensaje D / 00:00:37:000 / engineass(04) / 00:00:00:000 para top(01)
Mensaje D / 00:00:37:000 / top(01) / 00:00:00:000 para Root(00)
Mensaje * / 00:00:37:000 / Root(00) para top(01)
Mensaje * / 00:00:37:000 / top(01) para engineass(04)
Mensaje Y / 00:00:37:000 / engineass(04) / out /      1.00000 para top(01)
Mensaje D / 00:00:37:000 / engineass(04) / ... para top(01)
Mensaje Y / 00:00:37:000 / top(01) / out /      1.00000 para Root(00)
Mensaje X / 00:00:37:000 / top(01) / done /      1.00000 para engineass(04)
Mensaje D / 00:00:37:000 / engineass(04) / 00:00:04:000 para top(01)
Mensaje D / 00:00:37:000 / top(01) / 00:00:01:000 para Root(00)
Mensaje X / 00:00:38:000 / Root(00) / in /      6.00000 para top(01)
Mensaje X / 00:00:38:000 / top(01) / in /      6.00000 para piston(02)
Mensaje X / 00:00:38:000 / top(01) / in /      6.00000 para enginebody(03)
Mensaje D / 00:00:38:000 / piston(02) / 00:00:00:000 para top(01)
Mensaje D / 00:00:38:000 / enginebody(03) / 00:00:02:000 para top(01)
Mensaje D / 00:00:38:000 / top(01) / 00:00:00:000 para Root(00)
Mensaje * / 00:00:38:000 / Root(00) para top(01)
Mensaje * / 00:00:38:000 / top(01) para piston(02)
Mensaje Y / 00:00:38:000 / piston(02) / out /      1.00000 para top(01)
Mensaje D / 00:00:38:000 / piston(02) / ... para top(01)
Mensaje X / 00:00:38:000 / top(01) / done /      1.00000 para piston(02)
Mensaje X / 00:00:38:000 / top(01) / in_piston /      1.00000 para engineass(04)
Mensaje D / 00:00:38:000 / piston(02) / 00:00:02:000 para top(01)
Mensaje D / 00:00:38:000 / engineass(04) / 00:00:03:000 para top(01)
Mensaje D / 00:00:38:000 / top(01) / 00:00:02:000 para Root(00)
Mensaje * / 00:00:40:000 / Root(00) para top(01)
Mensaje * / 00:00:40:000 / top(01) para piston(02)
Mensaje Y / 00:00:40:000 / piston(02) / out /      1.00000 para top(01)
Mensaje D / 00:00:40:000 / piston(02) / ... para top(01)
Mensaje X / 00:00:40:000 / top(01) / done /      1.00000 para piston(02)
Mensaje X / 00:00:40:000 / top(01) / in_piston /      1.00000 para engineass(04)
Mensaje D / 00:00:40:000 / piston(02) / 00:00:02:000 para top(01)
Mensaje D / 00:00:40:000 / engineass(04) / 00:00:01:000 para top(01)
Mensaje D / 00:00:40:000 / top(01) / 00:00:00:000 para Root(00)
Mensaje * / 00:00:40:000 / Root(00) para top(01)
Mensaje * / 00:00:40:000 / top(01) para enginebody(03)
Mensaje Y / 00:00:40:000 / enginebody(03) / out /      1.00000 para top(01)
Mensaje D / 00:00:40:000 / enginebody(03) / ... para top(01)
Mensaje X / 00:00:40:000 / top(01) / done /      1.00000 para enginebody(03)
Mensaje X / 00:00:40:000 / top(01) / in_enginebody /      1.00000 para engineass(04)
Mensaje D / 00:00:40:000 / enginebody(03) / 00:00:03:000 para top(01)
Mensaje D / 00:00:40:000 / engineass(04) / 00:00:01:000 para top(01)
Mensaje D / 00:00:40:000 / top(01) / 00:00:01:000 para Root(00)
Mensaje * / 00:00:41:000 / Root(00) para top(01)
Mensaje * / 00:00:41:000 / top(01) para engineass(04)
Mensaje Y / 00:00:41:000 / engineass(04) / out /      1.00000 para top(01)
Mensaje D / 00:00:41:000 / engineass(04) / ... para top(01)
Mensaje Y / 00:00:41:000 / top(01) / out /      1.00000 para Root(00)
Mensaje X / 00:00:41:000 / top(01) / done /      1.00000 para engineass(04)
Mensaje D / 00:00:41:000 / engineass(04) / 00:00:04:000 para top(01)
Mensaje D / 00:00:41:000 / top(01) / 00:00:01:000 para Root(00)
Mensaje * / 00:00:42:000 / Root(00) para top(01)
Mensaje * / 00:00:42:000 / top(01) para piston(02)
Mensaje Y / 00:00:42:000 / piston(02) / out /      1.00000 para top(01)
Mensaje D / 00:00:42:000 / piston(02) / ... para top(01)
Mensaje X / 00:00:42:000 / top(01) / done /      1.00000 para piston(02)
Mensaje X / 00:00:42:000 / top(01) / in_piston /      1.00000 para engineass(04)
Mensaje D / 00:00:42:000 / piston(02) / 00:00:02:000 para top(01)
Mensaje D / 00:00:42:000 / engineass(04) / 00:00:03:000 para top(01)
Mensaje D / 00:00:42:000 / top(01) / 00:00:01:000 para Root(00)
Mensaje * / 00:00:43:000 / Root(00) para top(01)
Mensaje * / 00:00:43:000 / top(01) para enginebody(03)
Mensaje Y / 00:00:43:000 / enginebody(03) / out /      1.00000 para top(01)
Mensaje D / 00:00:43:000 / enginebody(03) / ... para top(01)
Mensaje X / 00:00:43:000 / top(01) / done /      1.00000 para enginebody(03)
Mensaje X / 00:00:43:000 / top(01) / in_enginebody /      1.00000 para engineass(04)
Mensaje D / 00:00:43:000 / enginebody(03) / 00:00:03:000 para top(01)
Mensaje D / 00:00:43:000 / engineass(04) / 00:00:02:000 para top(01)
Mensaje D / 00:00:43:000 / top(01) / 00:00:01:000 para Root(00)
Mensaje * / 00:00:44:000 / Root(00) para top(01)
Mensaje * / 00:00:44:000 / top(01) para piston(02)
Mensaje Y / 00:00:44:000 / piston(02) / out /      1.00000 para top(01)
Mensaje D / 00:00:44:000 / piston(02) / ... para top(01)
Mensaje X / 00:00:44:000 / top(01) / done /      1.00000 para piston(02)
Mensaje X / 00:00:44:000 / top(01) / in_piston /      1.00000 para engineass(04)
Mensaje D / 00:00:44:000 / piston(02) / 00:00:02:000 para top(01)
Mensaje D / 00:00:44:000 / engineass(04) / 00:00:01:000 para top(01)
Mensaje D / 00:00:44:000 / top(01) / 00:00:01:000 para Root(00)
Mensaje * / 00:00:45:000 / Root(00) para top(01)
Mensaje * / 00:00:45:000 / top(01) para engineass(04)
Mensaje Y / 00:00:45:000 / engineass(04) / out /      1.00000 para top(01)
Mensaje D / 00:00:45:000 / engineass(04) / ... para top(01)
Mensaje Y / 00:00:45:000 / top(01) / out /      1.00000 para Root(00)
Mensaje X / 00:00:45:000 / top(01) / done /      1.00000 para engineass(04)
Mensaje D / 00:00:45:000 / engineass(04) / 00:00:04:000 para top(01)
Mensaje D / 00:00:45:000 / top(01) / 00:00:01:000 para Root(00)
Mensaje * / 00:00:46:000 / Root(00) para top(01)
Mensaje * / 00:00:46:000 / top(01) para piston(02)
Mensaje Y / 00:00:46:000 / piston(02) / out /      1.00000 para top(01)
Mensaje D / 00:00:46:000 / piston(02) / ... para top(01)
Mensaje X / 00:00:46:000 / top(01) / done /      1.00000 para piston(02)
Mensaje X / 00:00:46:000 / top(01) / in_piston /      1.00000 para engineass(04)
Mensaje D / 00:00:46:000 / piston(02) / 00:00:02:000 para top(01)
Mensaje D / 00:00:46:000 / engineass(04) / 00:00:03:000 para top(01)
Mensaje D / 00:00:46:000 / top(01) / 00:00:00:000 para Root(00)
Mensaje * / 00:00:46:000 / Root(00) para top(01)
Mensaje * / 00:00:46:000 / top(01) para enginebody(03)
Mensaje Y / 00:00:46:000 / enginebody(03) / out /      1.00000 para top(01)
Mensaje D / 00:00:46:000 / enginebody(03) / ... para top(01)
Mensaje X / 00:00:46:000 / top(01) / done /      1.00000 para enginebody(03)
Mensaje X / 00:00:46:000 / top(01) / in_enginebody /      1.00000 para engineass(04)
Mensaje D / 00:00:46:000 / enginebody(03) / 00:00:03:000 para top(01)
Mensaje D / 00:00:46:000 / engineass(04) / 00:00:03:000 para top(01)
Mensaje D / 00:00:46:000 / top(01) / 00:00:02:000 para Root(00)
Mensaje * / 00:00:48:000 / Root(00) para top(01)
Mensaje * / 00:00:48:000 / top(01) para piston(02)
Mensaje Y / 00:00:48:000 / piston(02) / out /      1.00000 para top(01)
Mensaje D / 00:00:48:000 / piston(02) / ... para top(01)
Mensaje X / 00:00:48:000 / top(01) / done /      1.00000 para piston(02)
Mensaje X / 00:00:48:000 / top(01) / in_piston /      1.00000 para engineass(04)
Mensaje D / 00:00:48:000 / piston(02) / 00:00:02:000 para top(01)
Mensaje D / 00:00:48:000 / engineass(04) / 00:00:01:000 para top(01)
Mensaje D / 00:00:48:000 / top(01) / 00:00:01:000 para Root(00)
Mensaje * / 00:00:49:000 / Root(00) para top(01)
Mensaje * / 00:00:49:000 / top(01) para enginebody(03)
Mensaje Y / 00:00:49:000 / enginebody(03) / out /      1.00000 para top(01)
Mensaje D / 00:00:49:000 / enginebody(03) / ... para top(01)
Mensaje X / 00:00:49:000 / top(01) / done /      1.00000 para enginebody(03)
Mensaje X / 00:00:49:000 / top(01) / in_enginebody /      1.00000 para engineass(04)
Mensaje D / 00:00:49:000 / enginebody(03) / 00:00:03:000 para top(01)
Mensaje D / 00:00:49:000 / engineass(04) / 00:00:00:000 para top(01)
Mensaje D / 00:00:49:000 / top(01) / 00:00:00:000 para Root(00)
Mensaje * / 00:00:49:000 / Root(00) para top(01)
Mensaje * / 00:00:49:000 / top(01) para engineass(04)
Mensaje Y / 00:00:49:000 / engineass(04) / out /      1.00000 para top(01)
Mensaje D / 00:00:49:000 / engineass(04) / ... para top(01)
Mensaje Y / 00:00:49:000 / top(01) / out /      1.00000 para Root(00)
Mensaje X / 00:00:49:000 / top(01) / done /      1.00000 para engineass(04)
Mensaje D / 00:00:49:000 / engineass(04) / 00:00:04:000 para top(01)
Mensaje D / 00:00:49:000 / top(01) / 00:00:01:000 para Root(00)
Mensaje * / 00:00:50:000 / Root(00) para top(01)
Mensaje * / 00:00:50:000 / top(01) para piston(02)
Mensaje Y / 00:00:50:000 / piston(02) / out /      1.00000 para top(01)
Mensaje D / 00:00:50:000 / piston(02) / ... para top(01)
Mensaje X / 00:00:50:000 / top(01) / done /      1.00000 para piston(02)
Mensaje X / 00:00:50:000 / top(01) / in_piston /      1.00000 para engineass(04)
Mensaje D / 00:00:50:000 / piston(02) / ... para top(01)
Mensaje D / 00:00:50:000 / engineass(04) / 00:00:03:000 para top(01)
Mensaje D / 00:00:50:000 / top(01) / 00:00:02:000 para Root(00)
Mensaje * / 00:00:52:000 / Root(00) para top(01)
Mensaje * / 00:00:52:000 / top(01) para enginebody(03)
Mensaje Y / 00:00:52:000 / enginebody(03) / out /      1.00000 para top(01)
Mensaje D / 00:00:52:000 / enginebody(03) / ... para top(01)
Mensaje X / 00:00:52:000 / top(01) / done /      1.00000 para enginebody(03)
Mensaje X / 00:00:52:000 / top(01) / in_enginebody /      1.00000 para engineass(04)
Mensaje D / 00:00:52:000 / enginebody(03) / 00:00:03:000 para top(01)
Mensaje D / 00:00:52:000 / engineass(04) / 00:00:01:000 para top(01)
Mensaje D / 00:00:52:000 / top(01) / 00:00:01:000 para Root(00)
Mensaje * / 00:00:53:000 / Root(00) para top(01)
Mensaje * / 00:00:53:000 / top(01) para engineass(04)
Mensaje Y / 00:00:53:000 / engineass(04) / out /      1.00000 para top(01)
Mensaje D / 00:00:53:000 / engineass(04) / ... para top(01)
Mensaje Y / 00:00:53:000 / top(01) / out /      1.00000 para Root(00)
Mensaje X / 00:00:53:000 / top(01) / done /      1.00000 para engineass(04)
Mensaje D / 00:00:53:000 / engineass(04) / 00:00:04:000 para top(01)
Mensaje D / 00:00:53:000 / top(01) / 00:00:02:000 para Root(00)
Mensaje * / 00:00:55:000 / Root(00) para top(01)
Mensaje * / 00:00:55:000 / top(01) para enginebody(03)
Mensaje Y / 00:00:55:000 / enginebody(03) / out /      1.00000 para top(01)
Mensaje D / 00:00:55:000 / enginebody(03) / ... para top(01)
Mensaje X / 00:00:55:000 / top(01) / done /      1.00000 para enginebody(03)
Mensaje X / 00:00:55:000 / top(01) / in_enginebody /      1.00000 para engineass(04)
Mensaje D / 00:00:55:000 / enginebody(03) / 00:00:03:000 para top(01)
Mensaje D / 00:00:55:000 / engineass(04) / 00:00:02:000 para top(01)
Mensaje D / 00:00:55:000 / top(01) / 00:00:02:000 para Root(00)
Mensaje * / 00:00:57:000 / Root(00) para top(01)
Mensaje * / 00:00:57:000 / top(01) para engineass(04)
Mensaje Y / 00:00:57:000 / engineass(04) / out /      1.00000 para top(01)
Mensaje D / 00:00:57:000 / engineass(04) / ... para top(01)
Mensaje Y / 00:00:57:000 / top(01) / out /      1.00000 para Root(00)
Mensaje X / 00:00:57:000 / top(01) / done /      1.00000 para engineass(04)
Mensaje D / 00:00:57:000 / engineass(04) / 00:00:04:000 para top(01)
Mensaje D / 00:00:57:000 / top(01) / 00:00:01:000 para Root(00)
Mensaje * / 00:00:58:000 / Root(00) para top(01)
Mensaje * / 00:00:58:000 / top(01) para enginebody(03)
Mensaje Y / 00:00:58:000 / enginebody(03) / out /      1.00000 para top(01)
Mensaje D / 00:00:58:000 / enginebody(03) / ... para top(01)
Mensaje X / 00:00:58:000 / top(01) / done /      1.00000 para enginebody(03)
Mensaje X / 00:00:58:000 / top(01) / in_enginebody /      1.00000 para engineass(04)
Mensaje D / 00:00:58:000 / enginebody(03) / 00:00:03:000 para top(01)
Mensaje D / 00:00:58:000 / engineass(04) / 00:00:03:000 para top(01)
Mensaje D / 00:00:58:000 / top(01) / 00:00:03:000 para Root(00)
Mensaje * / 00:01:01:000 / Root(00) para top(01)
Mensaje * / 00:01:01:000 / top(01) para enginebody(03)
Mensaje Y / 00:01:01:000 / enginebody(03) / out /      1.00000 para top(01)
Mensaje D / 00:01:01:000 / enginebody(03) / ... para top(01)
Mensaje X / 00:01:01:000 / top(01) / done /      1.00000 para enginebody(03)
Mensaje X / 00:01:01:000 / top(01) / in_enginebody /      1.00000 para engineass(04)
Mensaje D / 00:01:01:000 / enginebody(03) / 00:00:03:000 para top(01)
Mensaje D / 00:01:01:000 / engineass(04) / 00:00:00:000 para top(01)
Mensaje D / 00:01:01:000 / top(01) / 00:00:00:000 para Root(00)
Mensaje * / 00:01:01:000 / Root(00) para top(01)
Mensaje * / 00:01:01:000 / top(01) para engineass(04)
Mensaje Y / 00:01:01:000 / engineass(04) / out /      1.00000 para top(01)
Mensaje D / 00:01:01:000 / engineass(04) / ... para top(01)
Mensaje Y / 00:01:01:000 / top(01) / out /      1.00000 para Root(00)
Mensaje X / 00:01:01:000 / top(01) / done /      1.00000 para engineass(04)
Mensaje D / 00:01:01:000 / engineass(04) / 00:00:04:000 para top(01)
Mensaje D / 00:01:01:000 / top(01) / 00:00:03:000 para Root(00)
Mensaje * / 00:01:04:000 / Root(00) para top(01)
Mensaje * / 00:01:04:000 / top(01) para enginebody(03)
Mensaje Y / 00:01:04:000 / enginebody(03) / out /      1.00000 para top(01)
Mensaje D / 00:01:04:000 / enginebody(03) / ... para top(01)
Mensaje X / 00:01:04:000 / top(01) / done /      1.00000 para enginebody(03)
Mensaje X / 00:01:04:000 / top(01) / in_enginebody /      1.00000 para engineass(04)
Mensaje D / 00:01:04:000 / enginebody(03) / 00:00:03:000 para top(01)
Mensaje D / 00:01:04:000 / engineass(04) / 00:00:01:000 para top(01)
Mensaje D / 00:01:04:000 / top(01) / 00:00:01:000 para Root(00)
Mensaje * / 00:01:05:000 / Root(00) para top(01)
Mensaje * / 00:01:05:000 / top(01) para engineass(04)
Mensaje Y / 00:01:05:000 / engineass(04) / out /      1.00000 para top(01)
Mensaje D / 00:01:05:000 / engineass(04) / ... para top(01)
Mensaje Y / 00:01:05:000 / top(01) / out /      1.00000 para Root(00)
Mensaje X / 00:01:05:000 / top(01) / done /      1.00000 para engineass(04)
Mensaje D / 00:01:05:000 / engineass(04) / 00:00:04:000 para top(01)
Mensaje D / 00:01:05:000 / top(01) / 00:00:02:000 para Root(00)
Mensaje * / 00:01:07:000 / Root(00) para top(01)
Mensaje * / 00:01:07:000 / top(01) para enginebody(03)
Mensaje Y / 00:01:07:000 / enginebody(03) / out /      1.00000 para top(01)
Mensaje D / 00:01:07:000 / enginebody(03) / ... para top(01)
Mensaje X / 00:01:07:000 / top(01) / done /      1.00000 para enginebody(03)
Mensaje X / 00:01:07:000 / top(01) / in_enginebody /      1.00000 para engineass(04)
Mensaje D / 00:01:07:000 / enginebody(03) / 00:00:03:000 para top(01)
Mensaje D / 00:01:07:000 / engineass(04) / 00:00:02:000 para top(01)
Mensaje D / 00:01:07:000 / top(01) / 00:00:02:000 para Root(00)
Mensaje * / 00:01:09:000 / Root(00) para top(01)
Mensaje * / 00:01:09:000 / top(01) para engineass(04)
Mensaje Y / 00:01:09:000 / engineass(04) / out /      1.00000 para top(01)
Mensaje D / 00:01:09:000 / engineass(04) / ... para top(01)
Mensaje Y / 00:01:09:000 / top(01) / out /      1.00000 para Root(00)
Mensaje X / 00:01:09:000 / top(01) / done /      1.00000 para engineass(04)
Mensaje D / 00:01:09:000 / engineass(04) / 00:00:04:000 para top(01)
Mensaje D / 00:01:09:000 / top(01) / 00:00:01:000 para Root(00)
Mensaje * / 00:01:10:000 / Root(00) para top(01)
Mensaje * / 00:01:10:000 / top(01) para enginebody(03)
Mensaje Y / 00:01:10:000 / enginebody(03) / out /      1.00000 para top(01)
Mensaje D / 00:01:10:000 / enginebody(03) / ... para top(01)
Mensaje X / 00:01:10:000 / top(01) / done /      1.00000 para enginebody(03)
Mensaje X / 00:01:10:000 / top(01) / in_enginebody /      1.00000 para engineass(04)
Mensaje D / 00:01:10:000 / enginebody(03) / ... para top(01)
Mensaje D / 00:01:10:000 / engineass(04) / 00:00:03:000 para top(01)
Mensaje D / 00:01:10:000 / top(01) / 00:00:03:000 para Root(00)
Mensaje * / 00:01:13:000 / Root(00) para top(01)
Mensaje * / 00:01:13:000 / top(01) para engineass(04)
Mensaje Y / 00:01:13:000 / engineass(04) / out /      1.00000 para top(01)
Mensaje D / 00:01:13:000 / engineass(04) / ... para top(01)
Mensaje Y / 00:01:13:000 / top(01) / out /      1.00000 para Root(00)
Mensaje X / 00:01:13:000 / top(01) / done /      1.00000 para engineass(04)
Mensaje D / 00:01:13:000 / engineass(04) / 00:00:04:000 para top(01)
Mensaje D / 00:01:13:000 / top(01) / 00:00:04:000 para Root(00)
Mensaje X / 00:01:15:000 / Root(00) / in /      1.00000 para top(01)
Mensaje X / 00:01:15:000 / top(01) / in /      1.00000 para piston(02)
Mensaje X / 00:01:15:000 / top(01) / in /      1.00000 para enginebody(03)
Mensaje D / 00:01:15:000 / piston(02) / 00:00:02:000 para top(01)
Mensaje D / 00:01:15:000 / enginebody(03) / 00:00:03:000 para top(01)
Mensaje D / 00:01:15:000 / top(01) / 00:00:02:000 para Root(00)
Mensaje * / 00:01:17:000 / Root(00) para top(01)
Mensaje * / 00:01:17:000 / top(01) para piston(02)
Mensaje Y / 00:01:17:000 / piston(02) / out /      1.00000 para top(01)
Mensaje D / 00:01:17:000 / piston(02) / ... para top(01)
Mensaje X / 00:01:17:000 / top(01) / done /      1.00000 para piston(02)
Mensaje X / 00:01:17:000 / top(01) / in_piston /      1.00000 para engineass(04)
Mensaje D / 00:01:17:000 / piston(02) / ... para top(01)
Mensaje D / 00:01:17:000 / engineass(04) / 00:00:00:000 para top(01)
Mensaje D / 00:01:17:000 / top(01) / 00:00:00:000 para Root(00)
Mensaje * / 00:01:17:000 / Root(00) para top(01)
Mensaje * / 00:01:17:000 / top(01) para engineass(04)
Mensaje Y / 00:01:17:000 / engineass(04) / out /      1.00000 para top(01)
Mensaje D / 00:01:17:000 / engineass(04) / ... para top(01)
Mensaje Y / 00:01:17:000 / top(01) / out /      1.00000 para Root(00)
Mensaje X / 00:01:17:000 / top(01) / done /      1.00000 para engineass(04)
Mensaje D / 00:01:17:000 / engineass(04) / 00:00:04:000 para top(01)
Mensaje D / 00:01:17:000 / top(01) / 00:00:01:000 para Root(00)
Mensaje * / 00:01:18:000 / Root(00) para top(01)
Mensaje * / 00:01:18:000 / top(01) para enginebody(03)
Mensaje Y / 00:01:18:000 / enginebody(03) / out /      1.00000 para top(01)
Mensaje D / 00:01:18:000 / enginebody(03) / ... para top(01)
Mensaje X / 00:01:18:000 / top(01) / done /      1.00000 para enginebody(03)
Mensaje X / 00:01:18:000 / top(01) / in_enginebody /      1.00000 para engineass(04)
Mensaje D / 00:01:18:000 / enginebody(03) / ... para top(01)
Mensaje D / 00:01:18:000 / engineass(04) / 00:00:03:000 para top(01)
Mensaje D / 00:01:18:000 / top(01) / 00:00:03:000 para Root(00)
Mensaje X / 00:01:20:000 / Root(00) / in /      3.00000 para top(01)
Mensaje X / 00:01:20:000 / top(01) / in /      3.00000 para piston(02)
Mensaje X / 00:01:20:000 / top(01) / in /      3.00000 para enginebody(03)
Mensaje D / 00:01:20:000 / piston(02) / 00:00:02:000 para top(01)
Mensaje D / 00:01:20:000 / enginebody(03) / 00:00:03:000 para top(01)
Mensaje D / 00:01:20:000 / top(01) / 00:00:01:000 para Root(00)
Mensaje * / 00:01:21:000 / Root(00) para top(01)
Mensaje * / 00:01:21:000 / top(01) para engineass(04)
Mensaje Y / 00:01:21:000 / engineass(04) / out /      1.00000 para top(01)
Mensaje D / 00:01:21:000 / engineass(04) / ... para top(01)
Mensaje Y / 00:01:21:000 / top(01) / out /      1.00000 para Root(00)
Mensaje X / 00:01:21:000 / top(01) / done /      1.00000 para engineass(04)
Mensaje D / 00:01:21:000 / engineass(04) / 00:00:04:000 para top(01)
Mensaje D / 00:01:21:000 / top(01) / 00:00:01:000 para Root(00)
Mensaje * / 00:01:22:000 / Root(00) para top(01)
Mensaje * / 00:01:22:000 / top(01) para piston(02)
Mensaje Y / 00:01:22:000 / piston(02) / out /      1.00000 para top(01)
Mensaje D / 00:01:22:000 / piston(02) / ... para top(01)
Mensaje X / 00:01:22:000 / top(01) / done /      1.00000 para piston(02)
Mensaje X / 00:01:22:000 / top(01) / in_piston /      1.00000 para engineass(04)
Mensaje D / 00:01:22:000 / piston(02) / 00:00:02:000 para top(01)
Mensaje D / 00:01:22:000 / engineass(04) / 00:00:03:000 para top(01)
Mensaje D / 00:01:22:000 / top(01) / 00:00:01:000 para Root(00)
Mensaje * / 00:01:23:000 / Root(00) para top(01)
Mensaje * / 00:01:23:000 / top(01) para enginebody(03)
Mensaje Y / 00:01:23:000 / enginebody(03) / out /      1.00000 para top(01)
Mensaje D / 00:01:23:000 / enginebody(03) / ... para top(01)
Mensaje X / 00:01:23:000 / top(01) / done /      1.00000 para enginebody(03)
Mensaje X / 00:01:23:000 / top(01) / in_enginebody /      1.00000 para engineass(04)
Mensaje D / 00:01:23:000 / enginebody(03) / 00:00:03:000 para top(01)
Mensaje D / 00:01:23:000 / engineass(04) / 00:00:02:000 para top(01)
Mensaje D / 00:01:23:000 / top(01) / 00:00:01:000 para Root(00)
Mensaje * / 00:01:24:000 / Root(00) para top(01)
Mensaje * / 00:01:24:000 / top(01) para piston(02)
Mensaje Y / 00:01:24:000 / piston(02) / out /      1.00000 para top(01)
Mensaje D / 00:01:24:000 / piston(02) / ... para top(01)
Mensaje X / 00:01:24:000 / top(01) / done /      1.00000 para piston(02)
Mensaje X / 00:01:24:000 / top(01) / in_piston /      1.00000 para engineass(04)
Mensaje D / 00:01:24:000 / piston(02) / 00:00:02:000 para top(01)
Mensaje D / 00:01:24:000 / engineass(04) / 00:00:01:000 para top(01)
Mensaje D / 00:01:24:000 / top(01) / 00:00:01:000 para Root(00)
Mensaje * / 00:01:25:000 / Root(00) para top(01)
Mensaje * / 00:01:25:000 / top(01) para engineass(04)
Mensaje Y / 00:01:25:000 / engineass(04) / out /      1.00000 para top(01)
Mensaje D / 00:01:25:000 / engineass(04) / ... para top(01)
Mensaje Y / 00:01:25:000 / top(01) / out /      1.00000 para Root(00)
Mensaje X / 00:01:25:000 / top(01) / done /      1.00000 para engineass(04)
Mensaje D / 00:01:25:000 / engineass(04) / 00:00:04:000 para top(01)
Mensaje D / 00:01:25:000 / top(01) / 00:00:01:000 para Root(00)
Mensaje * / 00:01:26:000 / Root(00) para top(01)
Mensaje * / 00:01:26:000 / top(01) para piston(02)
Mensaje Y / 00:01:26:000 / piston(02) / out /      1.00000 para top(01)
Mensaje D / 00:01:26:000 / piston(02) / ... para top(01)
Mensaje X / 00:01:26:000 / top(01) / done /      1.00000 para piston(02)
Mensaje X / 00:01:26:000 / top(01) / in_piston /      1.00000 para engineass(04)
Mensaje D / 00:01:26:000 / piston(02) / ... para top(01)
Mensaje D / 00:01:26:000 / engineass(04) / 00:00:03:000 para top(01)
Mensaje D / 00:01:26:000 / top(01) / 00:00:00:000 para Root(00)
Mensaje * / 00:01:26:000 / Root(00) para top(01)
Mensaje * / 00:01:26:000 / top(01) para enginebody(03)
Mensaje Y / 00:01:26:000 / enginebody(03) / out /      1.00000 para top(01)
Mensaje D / 00:01:26:000 / enginebody(03) / ... para top(01)
Mensaje X / 00:01:26:000 / top(01) / done /      1.00000 para enginebody(03)
Mensaje X / 00:01:26:000 / top(01) / in_enginebody /      1.00000 para engineass(04)
Mensaje D / 00:01:26:000 / enginebody(03) / 00:00:03:000 para top(01)
Mensaje D / 00:01:26:000 / engineass(04) / 00:00:03:000 para top(01)
Mensaje D / 00:01:26:000 / top(01) / 00:00:03:000 para Root(00)
Mensaje * / 00:01:29:000 / Root(00) para top(01)
Mensaje * / 00:01:29:000 / top(01) para enginebody(03)
Mensaje Y / 00:01:29:000 / enginebody(03) / out /      1.00000 para top(01)
Mensaje D / 00:01:29:000 / enginebody(03) / ... para top(01)
Mensaje X / 00:01:29:000 / top(01) / done /      1.00000 para enginebody(03)
Mensaje X / 00:01:29:000 / top(01) / in_enginebody /      1.00000 para engineass(04)
Mensaje D / 00:01:29:000 / enginebody(03) / ... para top(01)
Mensaje D / 00:01:29:000 / engineass(04) / 00:00:00:000 para top(01)
Mensaje D / 00:01:29:000 / top(01) / 00:00:00:000 para Root(00)
Mensaje * / 00:01:29:000 / Root(00) para top(01)
Mensaje * / 00:01:29:000 / top(01) para engineass(04)
Mensaje Y / 00:01:29:000 / engineass(04) / out /      1.00000 para top(01)
Mensaje D / 00:01:29:000 / engineass(04) / ... para top(01)
Mensaje Y / 00:01:29:000 / top(01) / out /      1.00000 para Root(00)
Mensaje X / 00:01:29:000 / top(01) / done /      1.00000 para engineass(04)
Mensaje D / 00:01:29:000 / engineass(04) / 00:00:04:000 para top(01)
Mensaje D / 00:01:29:000 / top(01) / 00:00:04:000 para Root(00)
Mensaje * / 00:01:33:000 / Root(00) para top(01)
Mensaje * / 00:01:33:000 / top(01) para engineass(04)
Mensaje Y / 00:01:33:000 / engineass(04) / out /      1.00000 para top(01)
Mensaje D / 00:01:33:000 / engineass(04) / ... para top(01)
Mensaje Y / 00:01:33:000 / top(01) / out /      1.00000 para Root(00)
Mensaje X / 00:01:33:000 / top(01) / done /      1.00000 para engineass(04)
Mensaje D / 00:01:33:000 / engineass(04) / 00:00:04:000 para top(01)
Mensaje D / 00:01:33:000 / top(01) / 00:00:04:000 para Root(00)
Mensaje * / 00:01:37:000 / Root(00) para top(01)
Mensaje * / 00:01:37:000 / top(01) para engineass(04)
Mensaje Y / 00:01:37:000 / engineass(04) / out /      1.00000 para top(01)
Mensaje D / 00:01:37:000 / engineass(04) / ... para top(01)
Mensaje Y / 00:01:37:000 / top(01) / out /      1.00000 para Root(00)
Mensaje X / 00:01:37:000 / top(01) / done /      1.00000 para engineass(04)
Mensaje D / 00:01:37:000 / engineass(04) / 00:00:04:000 para top(01)
Mensaje D / 00:01:37:000 / top(01) / 00:00:04:000 para Root(00)
Mensaje * / 00:01:41:000 / Root(00) para top(01)
Mensaje * / 00:01:41:000 / top(01) para engineass(04)
Mensaje Y / 00:01:41:000 / engineass(04) / out /      1.00000 para top(01)
Mensaje D / 00:01:41:000 / engineass(04) / ... para top(01)
Mensaje Y / 00:01:41:000 / top(01) / out /      1.00000 para Root(00)
Mensaje X / 00:01:41:000 / top(01) / done /      1.00000 para engineass(04)
Mensaje D / 00:01:41:000 / engineass(04) / 00:00:04:000 para top(01)
Mensaje D / 00:01:41:000 / top(01) / 00:00:04:000 para Root(00)
Mensaje * / 00:01:45:000 / Root(00) para top(01)
Mensaje * / 00:01:45:000 / top(01) para engineass(04)
Mensaje Y / 00:01:45:000 / engineass(04) / out /      1.00000 para top(01)
Mensaje D / 00:01:45:000 / engineass(04) / ... para top(01)
Mensaje Y / 00:01:45:000 / top(01) / out /      1.00000 para Root(00)
Mensaje X / 00:01:45:000 / top(01) / done /      1.00000 para engineass(04)
Mensaje D / 00:01:45:000 / engineass(04) / 00:00:04:000 para top(01)
Mensaje D / 00:01:45:000 / top(01) / 00:00:04:000 para Root(00)
Mensaje * / 00:01:49:000 / Root(00) para top(01)
Mensaje * / 00:01:49:000 / top(01) para engineass(04)
Mensaje Y / 00:01:49:000 / engineass(04) / out /      1.00000 para top(01)
Mensaje D / 00:01:49:000 / engineass(04) / ... para top(01)
Mensaje Y / 00:01:49:000 / top(01) / out /      1.00000 para Root(00)
Mensaje X / 00:01:49:000 / top(01) / done /      1.00000 para engineass(04)
Mensaje D / 00:01:49:000 / engineass(04) / ... para top(01)
Mensaje D / 00:01:49:000 / top(01) / ... para Root(00)
