Mensaje I / 00:00:00:000 / Root(00) para top(01)
Mensaje I / 00:00:00:000 / top(01) para engineass(02)
Mensaje D / 00:00:00:000 / engineass(02) / ... para top(01)
Mensaje D / 00:00:00:000 / top(01) / ... para Root(00)
Mensaje X / 00:00:10:000 / Root(00) / in_enginebody /      2.00000 para top(01)
Mensaje X / 00:00:10:000 / top(01) / in_enginebody /      2.00000 para engineass(02)
Mensaje D / 00:00:10:000 / engineass(02) / ... para top(01)
Mensaje D / 00:00:10:000 / top(01) / ... para Root(00)
Mensaje X / 00:00:14:000 / Root(00) / in_piston /      3.00000 para top(01)
Mensaje X / 00:00:14:000 / top(01) / in_piston /      3.00000 para engineass(02)
Mensaje D / 00:00:14:000 / engineass(02) / 00:00:02:000 para top(01)
Mensaje D / 00:00:14:000 / top(01) / 00:00:02:000 para Root(00)
Mensaje * / 00:00:16:000 / Root(00) para top(01)
Mensaje * / 00:00:16:000 / top(01) para engineass(02)
Mensaje Y / 00:00:16:000 / engineass(02) / out /      1.00000 para top(01)
Mensaje D / 00:00:16:000 / engineass(02) / ... para top(01)
Mensaje Y / 00:00:16:000 / top(01) / out /      1.00000 para Root(00)
Mensaje X / 00:00:16:000 / top(01) / done /      1.00000 para engineass(02)
Mensaje D / 00:00:16:000 / engineass(02) / 00:00:02:000 para top(01)
Mensaje D / 00:00:16:000 / top(01) / 00:00:02:000 para Root(00)
Mensaje * / 00:00:18:000 / Root(00) para top(01)
Mensaje * / 00:00:18:000 / top(01) para engineass(02)
Mensaje Y / 00:00:18:000 / engineass(02) / out /      1.00000 para top(01)
Mensaje D / 00:00:18:000 / engineass(02) / ... para top(01)
Mensaje Y / 00:00:18:000 / top(01) / out /      1.00000 para Root(00)
Mensaje X / 00:00:18:000 / top(01) / done /      1.00000 para engineass(02)
Mensaje D / 00:00:18:000 / engineass(02) / ... para top(01)
Mensaje D / 00:00:18:000 / top(01) / ... para Root(00)
Mensaje X / 00:00:21:000 / Root(00) / in_enginebody /      4.00000 para top(01)
Mensaje X / 00:00:21:000 / top(01) / in_enginebody /      4.00000 para engineass(02)
Mensaje D / 00:00:21:000 / engineass(02) / 00:00:02:000 para top(01)
Mensaje D / 00:00:21:000 / top(01) / 00:00:02:000 para Root(00)
Mensaje * / 00:00:23:000 / Root(00) para top(01)
Mensaje * / 00:00:23:000 / top(01) para engineass(02)
Mensaje Y / 00:00:23:000 / engineass(02) / out /      1.00000 para top(01)
Mensaje D / 00:00:23:000 / engineass(02) / ... para top(01)
Mensaje Y / 00:00:23:000 / top(01) / out /      1.00000 para Root(00)
Mensaje X / 00:00:23:000 / top(01) / done /      1.00000 para engineass(02)
Mensaje D / 00:00:23:000 / engineass(02) / ... para top(01)
Mensaje D / 00:00:23:000 / top(01) / ... para Root(00)
Mensaje X / 00:00:25:000 / Root(00) / in_enginebody /      5.00000 para top(01)
Mensaje X / 00:00:25:000 / top(01) / in_enginebody /      5.00000 para engineass(02)
Mensaje D / 00:00:25:000 / engineass(02) / ... para top(01)
Mensaje D / 00:00:25:000 / top(01) / ... para Root(00)
Mensaje X / 00:00:38:000 / Root(00) / in_piston /      6.00000 para top(01)
Mensaje X / 00:00:38:000 / top(01) / in_piston /      6.00000 para engineass(02)
Mensaje D / 00:00:38:000 / engineass(02) / 00:00:02:000 para top(01)
Mensaje D / 00:00:38:000 / top(01) / 00:00:02:000 para Root(00)
Mensaje * / 00:00:40:000 / Root(00) para top(01)
Mensaje * / 00:00:40:000 / top(01) para engineass(02)
Mensaje Y / 00:00:40:000 / engineass(02) / out /      1.00000 para top(01)
Mensaje D / 00:00:40:000 / engineass(02) / ... para top(01)
Mensaje Y / 00:00:40:000 / top(01) / out /      1.00000 para Root(00)
Mensaje X / 00:00:40:000 / top(01) / done /      1.00000 para engineass(02)
Mensaje D / 00:00:40:000 / engineass(02) / 00:00:02:000 para top(01)
Mensaje D / 00:00:40:000 / top(01) / 00:00:02:000 para Root(00)
Mensaje * / 00:00:42:000 / Root(00) para top(01)
Mensaje * / 00:00:42:000 / top(01) para engineass(02)
Mensaje Y / 00:00:42:000 / engineass(02) / out /      1.00000 para top(01)
Mensaje D / 00:00:42:000 / engineass(02) / ... para top(01)
Mensaje Y / 00:00:42:000 / top(01) / out /      1.00000 para Root(00)
Mensaje X / 00:00:42:000 / top(01) / done /      1.00000 para engineass(02)
Mensaje D / 00:00:42:000 / engineass(02) / 00:00:02:000 para top(01)
Mensaje D / 00:00:42:000 / top(01) / 00:00:02:000 para Root(00)
Mensaje * / 00:00:44:000 / Root(00) para top(01)
Mensaje * / 00:00:44:000 / top(01) para engineass(02)
Mensaje Y / 00:00:44:000 / engineass(02) / out /      1.00000 para top(01)
Mensaje D / 00:00:44:000 / engineass(02) / ... para top(01)
Mensaje Y / 00:00:44:000 / top(01) / out /      1.00000 para Root(00)
Mensaje X / 00:00:44:000 / top(01) / done /      1.00000 para engineass(02)
Mensaje D / 00:00:44:000 / engineass(02) / 00:00:02:000 para top(01)
Mensaje D / 00:00:44:000 / top(01) / 00:00:02:000 para Root(00)
Mensaje * / 00:00:46:000 / Root(00) para top(01)
Mensaje * / 00:00:46:000 / top(01) para engineass(02)
Mensaje Y / 00:00:46:000 / engineass(02) / out /      1.00000 para top(01)
Mensaje D / 00:00:46:000 / engineass(02) / ... para top(01)
Mensaje Y / 00:00:46:000 / top(01) / out /      1.00000 para Root(00)
Mensaje X / 00:00:46:000 / top(01) / done /      1.00000 para engineass(02)
Mensaje D / 00:00:46:000 / engineass(02) / 00:00:02:000 para top(01)
Mensaje D / 00:00:46:000 / top(01) / 00:00:02:000 para Root(00)
Mensaje * / 00:00:48:000 / Root(00) para top(01)
Mensaje * / 00:00:48:000 / top(01) para engineass(02)
Mensaje Y / 00:00:48:000 / engineass(02) / out /      1.00000 para top(01)
Mensaje D / 00:00:48:000 / engineass(02) / ... para top(01)
Mensaje Y / 00:00:48:000 / top(01) / out /      1.00000 para Root(00)
Mensaje X / 00:00:48:000 / top(01) / done /      1.00000 para engineass(02)
Mensaje D / 00:00:48:000 / engineass(02) / 00:00:02:000 para top(01)
Mensaje D / 00:00:48:000 / top(01) / 00:00:02:000 para Root(00)
Mensaje X / 00:00:50:000 / Root(00) / in_piston /      7.00000 para top(01)
Mensaje X / 00:00:50:000 / top(01) / in_piston /      7.00000 para engineass(02)
Mensaje D / 00:00:50:000 / engineass(02) / 00:00:00:000 para top(01)
Mensaje D / 00:00:50:000 / top(01) / 00:00:00:000 para Root(00)
Mensaje * / 00:00:50:000 / Root(00) para top(01)
Mensaje * / 00:00:50:000 / top(01) para engineass(02)
Mensaje Y / 00:00:50:000 / engineass(02) / out /      1.00000 para top(01)
Mensaje D / 00:00:50:000 / engineass(02) / ... para top(01)
Mensaje Y / 00:00:50:000 / top(01) / out /      1.00000 para Root(00)
Mensaje X / 00:00:50:000 / top(01) / done /      1.00000 para engineass(02)
Mensaje D / 00:00:50:000 / engineass(02) / 00:00:02:000 para top(01)
Mensaje D / 00:00:50:000 / top(01) / 00:00:02:000 para Root(00)
Mensaje * / 00:00:52:000 / Root(00) para top(01)
Mensaje * / 00:00:52:000 / top(01) para engineass(02)
Mensaje Y / 00:00:52:000 / engineass(02) / out /      1.00000 para top(01)
Mensaje D / 00:00:52:000 / engineass(02) / ... para top(01)
Mensaje Y / 00:00:52:000 / top(01) / out /      1.00000 para Root(00)
Mensaje X / 00:00:52:000 / top(01) / done /      1.00000 para engineass(02)
Mensaje D / 00:00:52:000 / engineass(02) / 00:00:02:000 para top(01)
Mensaje D / 00:00:52:000 / top(01) / 00:00:02:000 para Root(00)
Mensaje * / 00:00:54:000 / Root(00) para top(01)
Mensaje * / 00:00:54:000 / top(01) para engineass(02)
Mensaje Y / 00:00:54:000 / engineass(02) / out /      1.00000 para top(01)
Mensaje D / 00:00:54:000 / engineass(02) / ... para top(01)
Mensaje Y / 00:00:54:000 / top(01) / out /      1.00000 para Root(00)
Mensaje X / 00:00:54:000 / top(01) / done /      1.00000 para engineass(02)
Mensaje D / 00:00:54:000 / engineass(02) / ... para top(01)
Mensaje D / 00:00:54:000 / top(01) / ... para Root(00)
