Mensaje I / 00:00:00:000 / Root(00) para top(01)
Mensaje I / 00:00:00:000 / top(01) para finalass(02)
Mensaje D / 00:00:00:000 / finalass(02) / ... para top(01)
Mensaje D / 00:00:00:000 / top(01) / ... para Root(00)
Mensaje X / 00:00:10:000 / Root(00) / in_engine /      2.00000 para top(01)
Mensaje X / 00:00:10:000 / top(01) / in_engine /      2.00000 para finalass(02)
Mensaje D / 00:00:10:000 / finalass(02) / ... para top(01)
Mensaje D / 00:00:10:000 / top(01) / ... para Root(00)
Mensaje X / 00:00:14:000 / Root(00) / in_body /      3.00000 para top(01)
Mensaje X / 00:00:14:000 / top(01) / in_body /      3.00000 para finalass(02)
Mensaje D / 00:00:14:000 / finalass(02) / ... para top(01)
Mensaje D / 00:00:14:000 / top(01) / ... para Root(00)
Mensaje X / 00:00:21:000 / Root(00) / in_engine /      4.00000 para top(01)
Mensaje X / 00:00:21:000 / top(01) / in_engine /      4.00000 para finalass(02)
Mensaje D / 00:00:21:000 / finalass(02) / ... para top(01)
Mensaje D / 00:00:21:000 / top(01) / ... para Root(00)
Mensaje X / 00:00:25:000 / Root(00) / in_chassis /      5.00000 para top(01)
Mensaje X / 00:00:25:000 / top(01) / in_chassis /      5.00000 para finalass(02)
Mensaje D / 00:00:25:000 / finalass(02) / ... para top(01)
Mensaje D / 00:00:25:000 / top(01) / ... para Root(00)
Mensaje X / 00:00:38:000 / Root(00) / in_trans /      6.00000 para top(01)
Mensaje X / 00:00:38:000 / top(01) / in_trans /      6.00000 para finalass(02)
Mensaje D / 00:00:38:000 / finalass(02) / 00:00:02:000 para top(01)
Mensaje D / 00:00:38:000 / top(01) / 00:00:02:000 para Root(00)
Mensaje * / 00:00:40:000 / Root(00) para top(01)
Mensaje * / 00:00:40:000 / top(01) para finalass(02)
Mensaje Y / 00:00:40:000 / finalass(02) / out /      1.00000 para top(01)
Mensaje D / 00:00:40:000 / finalass(02) / ... para top(01)
Mensaje Y / 00:00:40:000 / top(01) / out /      1.00000 para Root(00)
Mensaje X / 00:00:40:000 / top(01) / done /      1.00000 para finalass(02)
Mensaje D / 00:00:40:000 / finalass(02) / 00:00:02:000 para top(01)
Mensaje D / 00:00:40:000 / top(01) / 00:00:02:000 para Root(00)
Mensaje * / 00:00:42:000 / Root(00) para top(01)
Mensaje * / 00:00:42:000 / top(01) para finalass(02)
Mensaje Y / 00:00:42:000 / finalass(02) / out /      1.00000 para top(01)
Mensaje D / 00:00:42:000 / finalass(02) / ... para top(01)
Mensaje Y / 00:00:42:000 / top(01) / out /      1.00000 para Root(00)
Mensaje X / 00:00:42:000 / top(01) / done /      1.00000 para finalass(02)
Mensaje D / 00:00:42:000 / finalass(02) / 00:00:02:000 para top(01)
Mensaje D / 00:00:42:000 / top(01) / 00:00:02:000 para Root(00)
Mensaje * / 00:00:44:000 / Root(00) para top(01)
Mensaje * / 00:00:44:000 / top(01) para finalass(02)
Mensaje Y / 00:00:44:000 / finalass(02) / out /      1.00000 para top(01)
Mensaje D / 00:00:44:000 / finalass(02) / ... para top(01)
Mensaje Y / 00:00:44:000 / top(01) / out /      1.00000 para Root(00)
Mensaje X / 00:00:44:000 / top(01) / done /      1.00000 para finalass(02)
Mensaje D / 00:00:44:000 / finalass(02) / ... para top(01)
Mensaje D / 00:00:44:000 / top(01) / ... para Root(00)
Mensaje X / 00:01:15:000 / Root(00) / in_chassis /      1.00000 para top(01)
Mensaje X / 00:01:15:000 / top(01) / in_chassis /      1.00000 para finalass(02)
Mensaje D / 00:01:15:000 / finalass(02) / ... para top(01)
Mensaje D / 00:01:15:000 / top(01) / ... para Root(00)
Mensaje X / 00:01:20:000 / Root(00) / in_body /      3.00000 para top(01)
Mensaje X / 00:01:20:000 / top(01) / in_body /      3.00000 para finalass(02)
Mensaje D / 00:01:20:000 / finalass(02) / 00:00:02:000 para top(01)
Mensaje D / 00:01:20:000 / top(01) / 00:00:02:000 para Root(00)
Mensaje * / 00:01:22:000 / Root(00) para top(01)
Mensaje * / 00:01:22:000 / top(01) para finalass(02)
Mensaje Y / 00:01:22:000 / finalass(02) / out /      1.00000 para top(01)
Mensaje D / 00:01:22:000 / finalass(02) / ... para top(01)
Mensaje Y / 00:01:22:000 / top(01) / out /      1.00000 para Root(00)
Mensaje X / 00:01:22:000 / top(01) / done /      1.00000 para finalass(02)
Mensaje D / 00:01:22:000 / finalass(02) / 00:00:02:000 para top(01)
Mensaje D / 00:01:22:000 / top(01) / 00:00:02:000 para Root(00)
Mensaje * / 00:01:24:000 / Root(00) para top(01)
Mensaje * / 00:01:24:000 / top(01) para finalass(02)
Mensaje Y / 00:01:24:000 / finalass(02) / out /      1.00000 para top(01)
Mensaje D / 00:01:24:000 / finalass(02) / ... para top(01)
Mensaje Y / 00:01:24:000 / top(01) / out /      1.00000 para Root(00)
Mensaje X / 00:01:24:000 / top(01) / done /      1.00000 para finalass(02)
Mensaje D / 00:01:24:000 / finalass(02) / 00:00:02:000 para top(01)
Mensaje D / 00:01:24:000 / top(01) / 00:00:02:000 para Root(00)
Mensaje * / 00:01:26:000 / Root(00) para top(01)
Mensaje * / 00:01:26:000 / top(01) para finalass(02)
Mensaje Y / 00:01:26:000 / finalass(02) / out /      1.00000 para top(01)
Mensaje D / 00:01:26:000 / finalass(02) / ... para top(01)
Mensaje Y / 00:01:26:000 / top(01) / out /      1.00000 para Root(00)
Mensaje X / 00:01:26:000 / top(01) / done /      1.00000 para finalass(02)
Mensaje D / 00:01:26:000 / finalass(02) / ... para top(01)
Mensaje D / 00:01:26:000 / top(01) / ... para Root(00)
