Mensaje I / 00:00:00:000 / Root(00) para top(01)
Mensaje I / 00:00:00:000 / top(01) para trans(02)
Mensaje D / 00:00:00:000 / trans(02) / ... para top(01)
Mensaje D / 00:00:00:000 / top(01) / ... para Root(00)
Mensaje X / 00:00:10:000 / Root(00) / in /      2.00000 para top(01)
Mensaje X / 00:00:10:000 / top(01) / in /      2.00000 para trans(02)
Mensaje D / 00:00:10:000 / trans(02) / 00:00:05:000 para top(01)
Mensaje D / 00:00:10:000 / top(01) / 00:00:05:000 para Root(00)
Mensaje X / 00:00:12:000 / Root(00) / in /      3.00000 para top(01)
Mensaje X / 00:00:12:000 / top(01) / in /      3.00000 para trans(02)
Mensaje D / 00:00:12:000 / trans(02) / 00:00:03:000 para top(01)
Mensaje D / 00:00:12:000 / top(01) / 00:00:03:000 para Root(00)
Mensaje * / 00:00:15:000 / Root(00) para top(01)
Mensaje * / 00:00:15:000 / top(01) para trans(02)
Mensaje Y / 00:00:15:000 / trans(02) / out /      1.00000 para top(01)
Mensaje D / 00:00:15:000 / trans(02) / ... para top(01)
Mensaje Y / 00:00:15:000 / top(01) / out /      1.00000 para Root(00)
Mensaje X / 00:00:15:000 / top(01) / done /      1.00000 para trans(02)
Mensaje D / 00:00:15:000 / trans(02) / 00:00:05:000 para top(01)
Mensaje D / 00:00:15:000 / top(01) / 00:00:05:000 para Root(00)
Mensaje * / 00:00:20:000 / Root(00) para top(01)
Mensaje * / 00:00:20:000 / top(01) para trans(02)
Mensaje Y / 00:00:20:000 / trans(02) / out /      1.00000 para top(01)
Mensaje D / 00:00:20:000 / trans(02) / ... para top(01)
Mensaje Y / 00:00:20:000 / top(01) / out /      1.00000 para Root(00)
Mensaje X / 00:00:20:000 / top(01) / done /      1.00000 para trans(02)
Mensaje D / 00:00:20:000 / trans(02) / 00:00:05:000 para top(01)
Mensaje D / 00:00:20:000 / top(01) / 00:00:05:000 para Root(00)
Mensaje * / 00:00:25:000 / Root(00) para top(01)
Mensaje * / 00:00:25:000 / top(01) para trans(02)
Mensaje Y / 00:00:25:000 / trans(02) / out /      1.00000 para top(01)
Mensaje D / 00:00:25:000 / trans(02) / ... para top(01)
Mensaje Y / 00:00:25:000 / top(01) / out /      1.00000 para Root(00)
Mensaje X / 00:00:25:000 / top(01) / done /      1.00000 para trans(02)
Mensaje D / 00:00:25:000 / trans(02) / 00:00:05:000 para top(01)
Mensaje D / 00:00:25:000 / top(01) / 00:00:05:000 para Root(00)
Mensaje * / 00:00:30:000 / Root(00) para top(01)
Mensaje * / 00:00:30:000 / top(01) para trans(02)
Mensaje Y / 00:00:30:000 / trans(02) / out /      1.00000 para top(01)
Mensaje D / 00:00:30:000 / trans(02) / ... para top(01)
Mensaje Y / 00:00:30:000 / top(01) / out /      1.00000 para Root(00)
Mensaje X / 00:00:30:000 / top(01) / done /      1.00000 para trans(02)
Mensaje D / 00:00:30:000 / trans(02) / 00:00:05:000 para top(01)
Mensaje D / 00:00:30:000 / top(01) / 00:00:05:000 para Root(00)
Mensaje * / 00:00:35:000 / Root(00) para top(01)
Mensaje * / 00:00:35:000 / top(01) para trans(02)
Mensaje Y / 00:00:35:000 / trans(02) / out /      1.00000 para top(01)
Mensaje D / 00:00:35:000 / trans(02) / ... para top(01)
Mensaje Y / 00:00:35:000 / top(01) / out /      1.00000 para Root(00)
Mensaje X / 00:00:35:000 / top(01) / done /      1.00000 para trans(02)
Mensaje D / 00:00:35:000 / trans(02) / ... para top(01)
Mensaje D / 00:00:35:000 / top(01) / ... para Root(00)
Mensaje X / 00:00:40:000 / Root(00) / in /      4.00000 para top(01)
Mensaje X / 00:00:40:000 / top(01) / in /      4.00000 para trans(02)
Mensaje D / 00:00:40:000 / trans(02) / 00:00:05:000 para top(01)
Mensaje D / 00:00:40:000 / top(01) / 00:00:05:000 para Root(00)
Mensaje * / 00:00:45:000 / Root(00) para top(01)
Mensaje * / 00:00:45:000 / top(01) para trans(02)
Mensaje Y / 00:00:45:000 / trans(02) / out /      1.00000 para top(01)
Mensaje D / 00:00:45:000 / trans(02) / ... para top(01)
Mensaje Y / 00:00:45:000 / top(01) / out /      1.00000 para Root(00)
Mensaje X / 00:00:45:000 / top(01) / done /      1.00000 para trans(02)
Mensaje D / 00:00:45:000 / trans(02) / 00:00:05:000 para top(01)
Mensaje D / 00:00:45:000 / top(01) / 00:00:05:000 para Root(00)
Mensaje * / 00:00:50:000 / Root(00) para top(01)
Mensaje * / 00:00:50:000 / top(01) para trans(02)
Mensaje Y / 00:00:50:000 / trans(02) / out /      1.00000 para top(01)
Mensaje D / 00:00:50:000 / trans(02) / ... para top(01)
Mensaje Y / 00:00:50:000 / top(01) / out /      1.00000 para Root(00)
Mensaje X / 00:00:50:000 / top(01) / done /      1.00000 para trans(02)
Mensaje D / 00:00:50:000 / trans(02) / 00:00:05:000 para top(01)
Mensaje D / 00:00:50:000 / top(01) / 00:00:05:000 para Root(00)
Mensaje * / 00:00:55:000 / Root(00) para top(01)
Mensaje * / 00:00:55:000 / top(01) para trans(02)
Mensaje Y / 00:00:55:000 / trans(02) / out /      1.00000 para top(01)
Mensaje D / 00:00:55:000 / trans(02) / ... para top(01)
Mensaje Y / 00:00:55:000 / top(01) / out /      1.00000 para Root(00)
Mensaje X / 00:00:55:000 / top(01) / done /      1.00000 para trans(02)
Mensaje D / 00:00:55:000 / trans(02) / 00:00:05:000 para top(01)
Mensaje D / 00:00:55:000 / top(01) / 00:00:05:000 para Root(00)
Mensaje X / 00:01:00:000 / Root(00) / in /      5.00000 para top(01)
Mensaje X / 00:01:00:000 / top(01) / in /      5.00000 para trans(02)
Mensaje D / 00:01:00:000 / trans(02) / 00:00:00:000 para top(01)
Mensaje D / 00:01:00:000 / top(01) / 00:00:00:000 para Root(00)
Mensaje * / 00:01:00:000 / Root(00) para top(01)
Mensaje * / 00:01:00:000 / top(01) para trans(02)
Mensaje Y / 00:01:00:000 / trans(02) / out /      1.00000 para top(01)
Mensaje D / 00:01:00:000 / trans(02) / ... para top(01)
Mensaje Y / 00:01:00:000 / top(01) / out /      1.00000 para Root(00)
Mensaje X / 00:01:00:000 / top(01) / done /      1.00000 para trans(02)
Mensaje D / 00:01:00:000 / trans(02) / 00:00:05:000 para top(01)
Mensaje D / 00:01:00:000 / top(01) / 00:00:05:000 para Root(00)
Mensaje * / 00:01:05:000 / Root(00) para top(01)
Mensaje * / 00:01:05:000 / top(01) para trans(02)
Mensaje Y / 00:01:05:000 / trans(02) / out /      1.00000 para top(01)
Mensaje D / 00:01:05:000 / trans(02) / ... para top(01)
Mensaje Y / 00:01:05:000 / top(01) / out /      1.00000 para Root(00)
Mensaje X / 00:01:05:000 / top(01) / done /      1.00000 para trans(02)
Mensaje D / 00:01:05:000 / trans(02) / 00:00:05:000 para top(01)
Mensaje D / 00:01:05:000 / top(01) / 00:00:05:000 para Root(00)
Mensaje * / 00:01:10:000 / Root(00) para top(01)
Mensaje * / 00:01:10:000 / top(01) para trans(02)
Mensaje Y / 00:01:10:000 / trans(02) / out /      1.00000 para top(01)
Mensaje D / 00:01:10:000 / trans(02) / ... para top(01)
Mensaje Y / 00:01:10:000 / top(01) / out /      1.00000 para Root(00)
Mensaje X / 00:01:10:000 / top(01) / done /      1.00000 para trans(02)
Mensaje D / 00:01:10:000 / trans(02) / 00:00:05:000 para top(01)
Mensaje D / 00:01:10:000 / top(01) / 00:00:05:000 para Root(00)
Mensaje * / 00:01:15:000 / Root(00) para top(01)
Mensaje * / 00:01:15:000 / top(01) para trans(02)
Mensaje Y / 00:01:15:000 / trans(02) / out /      1.00000 para top(01)
Mensaje D / 00:01:15:000 / trans(02) / ... para top(01)
Mensaje Y / 00:01:15:000 / top(01) / out /      1.00000 para Root(00)
Mensaje X / 00:01:15:000 / top(01) / done /      1.00000 para trans(02)
Mensaje D / 00:01:15:000 / trans(02) / 00:00:05:000 para top(01)
Mensaje D / 00:01:15:000 / top(01) / 00:00:05:000 para Root(00)
Mensaje * / 00:01:20:000 / Root(00) para top(01)
Mensaje * / 00:01:20:000 / top(01) para trans(02)
Mensaje Y / 00:01:20:000 / trans(02) / out /      1.00000 para top(01)
Mensaje D / 00:01:20:000 / trans(02) / ... para top(01)
Mensaje Y / 00:01:20:000 / top(01) / out /      1.00000 para Root(00)
Mensaje X / 00:01:20:000 / top(01) / done /      1.00000 para trans(02)
Mensaje D / 00:01:20:000 / trans(02) / 00:00:05:000 para top(01)
Mensaje D / 00:01:20:000 / top(01) / 00:00:05:000 para Root(00)
Mensaje * / 00:01:25:000 / Root(00) para top(01)
Mensaje * / 00:01:25:000 / top(01) para trans(02)
Mensaje Y / 00:01:25:000 / trans(02) / out /      1.00000 para top(01)
Mensaje D / 00:01:25:000 / trans(02) / ... para top(01)
Mensaje Y / 00:01:25:000 / top(01) / out /      1.00000 para Root(00)
Mensaje X / 00:01:25:000 / top(01) / done /      1.00000 para trans(02)
Mensaje D / 00:01:25:000 / trans(02) / ... para top(01)
Mensaje D / 00:01:25:000 / top(01) / ... para Root(00)
Mensaje X / 00:01:38:000 / Root(00) / in /      6.00000 para top(01)
Mensaje X / 00:01:38:000 / top(01) / in /      6.00000 para trans(02)
Mensaje D / 00:01:38:000 / trans(02) / 00:00:05:000 para top(01)
Mensaje D / 00:01:38:000 / top(01) / 00:00:05:000 para Root(00)
Mensaje * / 00:01:43:000 / Root(00) para top(01)
Mensaje * / 00:01:43:000 / top(01) para trans(02)
Mensaje Y / 00:01:43:000 / trans(02) / out /      1.00000 para top(01)
Mensaje D / 00:01:43:000 / trans(02) / ... para top(01)
Mensaje Y / 00:01:43:000 / top(01) / out /      1.00000 para Root(00)
Mensaje X / 00:01:43:000 / top(01) / done /      1.00000 para trans(02)
Mensaje D / 00:01:43:000 / trans(02) / 00:00:05:000 para top(01)
Mensaje D / 00:01:43:000 / top(01) / 00:00:05:000 para Root(00)
Mensaje * / 00:01:48:000 / Root(00) para top(01)
Mensaje * / 00:01:48:000 / top(01) para trans(02)
Mensaje Y / 00:01:48:000 / trans(02) / out /      1.00000 para top(01)
Mensaje D / 00:01:48:000 / trans(02) / ... para top(01)
Mensaje Y / 00:01:48:000 / top(01) / out /      1.00000 para Root(00)
Mensaje X / 00:01:48:000 / top(01) / done /      1.00000 para trans(02)
Mensaje D / 00:01:48:000 / trans(02) / 00:00:05:000 para top(01)
Mensaje D / 00:01:48:000 / top(01) / 00:00:05:000 para Root(00)
Mensaje * / 00:01:53:000 / Root(00) para top(01)
Mensaje * / 00:01:53:000 / top(01) para trans(02)
Mensaje Y / 00:01:53:000 / trans(02) / out /      1.00000 para top(01)
Mensaje D / 00:01:53:000 / trans(02) / ... para top(01)
Mensaje Y / 00:01:53:000 / top(01) / out /      1.00000 para Root(00)
Mensaje X / 00:01:53:000 / top(01) / done /      1.00000 para trans(02)
Mensaje D / 00:01:53:000 / trans(02) / 00:00:05:000 para top(01)
Mensaje D / 00:01:53:000 / top(01) / 00:00:05:000 para Root(00)
Mensaje * / 00:01:58:000 / Root(00) para top(01)
Mensaje * / 00:01:58:000 / top(01) para trans(02)
Mensaje Y / 00:01:58:000 / trans(02) / out /      1.00000 para top(01)
Mensaje D / 00:01:58:000 / trans(02) / ... para top(01)
Mensaje Y / 00:01:58:000 / top(01) / out /      1.00000 para Root(00)
Mensaje X / 00:01:58:000 / top(01) / done /      1.00000 para trans(02)
Mensaje D / 00:01:58:000 / trans(02) / 00:00:05:000 para top(01)
Mensaje D / 00:01:58:000 / top(01) / 00:00:05:000 para Root(00)
Mensaje * / 00:02:03:000 / Root(00) para top(01)
Mensaje * / 00:02:03:000 / top(01) para trans(02)
Mensaje Y / 00:02:03:000 / trans(02) / out /      1.00000 para top(01)
Mensaje D / 00:02:03:000 / trans(02) / ... para top(01)
Mensaje Y / 00:02:03:000 / top(01) / out /      1.00000 para Root(00)
Mensaje X / 00:02:03:000 / top(01) / done /      1.00000 para trans(02)
Mensaje D / 00:02:03:000 / trans(02) / 00:00:05:000 para top(01)
Mensaje D / 00:02:03:000 / top(01) / 00:00:05:000 para Root(00)
Mensaje * / 00:02:08:000 / Root(00) para top(01)
Mensaje * / 00:02:08:000 / top(01) para trans(02)
Mensaje Y / 00:02:08:000 / trans(02) / out /      1.00000 para top(01)
Mensaje D / 00:02:08:000 / trans(02) / ... para top(01)
Mensaje Y / 00:02:08:000 / top(01) / out /      1.00000 para Root(00)
Mensaje X / 00:02:08:000 / top(01) / done /      1.00000 para trans(02)
Mensaje D / 00:02:08:000 / trans(02) / ... para top(01)
Mensaje D / 00:02:08:000 / top(01) / ... para Root(00)
Mensaje X / 00:02:50:000 / Root(00) / in /      4.00000 para top(01)
Mensaje X / 00:02:50:000 / top(01) / in /      4.00000 para trans(02)
Mensaje D / 00:02:50:000 / trans(02) / 00:00:05:000 para top(01)
Mensaje D / 00:02:50:000 / top(01) / 00:00:05:000 para Root(00)
Mensaje * / 00:02:55:000 / Root(00) para top(01)
Mensaje * / 00:02:55:000 / top(01) para trans(02)
Mensaje Y / 00:02:55:000 / trans(02) / out /      1.00000 para top(01)
Mensaje D / 00:02:55:000 / trans(02) / ... para top(01)
Mensaje Y / 00:02:55:000 / top(01) / out /      1.00000 para Root(00)
Mensaje X / 00:02:55:000 / top(01) / done /      1.00000 para trans(02)
Mensaje D / 00:02:55:000 / trans(02) / 00:00:05:000 para top(01)
Mensaje D / 00:02:55:000 / top(01) / 00:00:05:000 para Root(00)
Mensaje * / 00:03:00:000 / Root(00) para top(01)
Mensaje * / 00:03:00:000 / top(01) para trans(02)
Mensaje Y / 00:03:00:000 / trans(02) / out /      1.00000 para top(01)
Mensaje D / 00:03:00:000 / trans(02) / ... para top(01)
Mensaje Y / 00:03:00:000 / top(01) / out /      1.00000 para Root(00)
Mensaje X / 00:03:00:000 / top(01) / done /      1.00000 para trans(02)
Mensaje D / 00:03:00:000 / trans(02) / 00:00:05:000 para top(01)
Mensaje D / 00:03:00:000 / top(01) / 00:00:05:000 para Root(00)
Mensaje * / 00:03:05:000 / Root(00) para top(01)
Mensaje * / 00:03:05:000 / top(01) para trans(02)
Mensaje Y / 00:03:05:000 / trans(02) / out /      1.00000 para top(01)
Mensaje D / 00:03:05:000 / trans(02) / ... para top(01)
Mensaje Y / 00:03:05:000 / top(01) / out /      1.00000 para Root(00)
Mensaje X / 00:03:05:000 / top(01) / done /      1.00000 para trans(02)
Mensaje D / 00:03:05:000 / trans(02) / 00:00:05:000 para top(01)
Mensaje D / 00:03:05:000 / top(01) / 00:00:05:000 para Root(00)
Mensaje * / 00:03:10:000 / Root(00) para top(01)
Mensaje * / 00:03:10:000 / top(01) para trans(02)
Mensaje Y / 00:03:10:000 / trans(02) / out /      1.00000 para top(01)
Mensaje D / 00:03:10:000 / trans(02) / ... para top(01)
Mensaje Y / 00:03:10:000 / top(01) / out /      1.00000 para Root(00)
Mensaje X / 00:03:10:000 / top(01) / done /      1.00000 para trans(02)
Mensaje D / 00:03:10:000 / trans(02) / ... para top(01)
Mensaje D / 00:03:10:000 / top(01) / ... para Root(00)
